Added Component: Designator=X1(6437288-1)
Add component (AddParameter): Name = "Circuits"; Value = "34"; VariantName = "[No Variations]"
Add component (AddParameter): Name = "ComponentLink1Description"; Value = "Digikey"; VariantName = "[No Variations]"
Add component (AddParameter): Name = "ComponentLink1URL"; Value = "https://www.digikey.com/products/en?mpart=6437288-1&&csp=WT.z_cid%3Dsp_8004_20120425_buynow%26TE_cid%3D8004-1541898693362"; VariantName = "[No Variations]"
Add component (AddParameter): Name = "Name"; Value = "6437288-1"; VariantName = "[No Variations]"
Added Component: Designator=X2(6437288-1)
Add component (AddParameter): Name = "Circuits"; Value = "34"; VariantName = "[No Variations]"
Add component (AddParameter): Name = "ComponentLink1Description"; Value = "Digikey"; VariantName = "[No Variations]"
Add component (AddParameter): Name = "ComponentLink1URL"; Value = "https://www.digikey.com/products/en?mpart=6437288-1&&csp=WT.z_cid%3Dsp_8004_20120425_buynow%26TE_cid%3D8004-1541898693362"; VariantName = "[No Variations]"
Add component (AddParameter): Name = "Name"; Value = "6437288-1"; VariantName = "[No Variations]"
Added Pin To Net: NetName=NetX1_A1 Pin=X1-A1
Added Pin To Net: NetName=NetX1_A1 Pin=X2-A1
Added Net: Name=NetX1_A1
Added Pin To Net: NetName=NetX1_A2 Pin=X1-A2
Added Pin To Net: NetName=NetX1_A2 Pin=X2-A2
Added Net: Name=NetX1_A2
Added Pin To Net: NetName=NetX1_A3 Pin=X1-A3
Added Pin To Net: NetName=NetX1_A3 Pin=X2-A3
Added Net: Name=NetX1_A3
Added Pin To Net: NetName=NetX1_A4 Pin=X1-A4
Added Pin To Net: NetName=NetX1_A4 Pin=X2-A4
Added Net: Name=NetX1_A4
Added Pin To Net: NetName=NetX1_A5 Pin=X1-A5
Added Pin To Net: NetName=NetX1_A5 Pin=X2-A5
Added Net: Name=NetX1_A5
Added Pin To Net: NetName=NetX1_A6 Pin=X1-A6
Added Pin To Net: NetName=NetX1_A6 Pin=X2-A6
Added Net: Name=NetX1_A6
Added Pin To Net: NetName=NetX1_A7 Pin=X1-A7
Added Pin To Net: NetName=NetX1_A7 Pin=X2-A7
Added Net: Name=NetX1_A7
Added Pin To Net: NetName=NetX1_A8 Pin=X1-A8
Added Pin To Net: NetName=NetX1_A8 Pin=X2-A8
Added Net: Name=NetX1_A8
Added Pin To Net: NetName=NetX1_A9 Pin=X1-A9
Added Pin To Net: NetName=NetX1_A9 Pin=X2-A9
Added Net: Name=NetX1_A9
Added Pin To Net: NetName=NetX1_A10 Pin=X1-A10
Added Pin To Net: NetName=NetX1_A10 Pin=X2-A10
Added Net: Name=NetX1_A10
Added Pin To Net: NetName=NetX1_A11 Pin=X1-A11
Added Pin To Net: NetName=NetX1_A11 Pin=X2-A11
Added Net: Name=NetX1_A11
Added Pin To Net: NetName=NetX1_A12 Pin=X1-A12
Added Pin To Net: NetName=NetX1_A12 Pin=X2-A12
Added Net: Name=NetX1_A12
Added Pin To Net: NetName=NetX1_A13 Pin=X1-A13
Added Pin To Net: NetName=NetX1_A13 Pin=X2-A13
Added Net: Name=NetX1_A13
Added Pin To Net: NetName=NetX1_A14 Pin=X1-A14
Added Pin To Net: NetName=NetX1_A14 Pin=X2-A14
Added Net: Name=NetX1_A14
Added Pin To Net: NetName=NetX1_A15 Pin=X1-A15
Added Pin To Net: NetName=NetX1_A15 Pin=X2-A15
Added Net: Name=NetX1_A15
Added Pin To Net: NetName=NetX1_A16 Pin=X1-A16
Added Pin To Net: NetName=NetX1_A16 Pin=X2-A16
Added Net: Name=NetX1_A16
Added Pin To Net: NetName=NetX1_A17 Pin=X1-A17
Added Pin To Net: NetName=NetX1_A17 Pin=X2-A17
Added Net: Name=NetX1_A17
Added Pin To Net: NetName=NetX1_A18 Pin=X1-A18
Added Pin To Net: NetName=NetX1_A18 Pin=X2-A18
Added Net: Name=NetX1_A18
Added Pin To Net: NetName=NetX1_A19 Pin=X1-A19
Added Pin To Net: NetName=NetX1_A19 Pin=X2-A19
Added Net: Name=NetX1_A19
Added Pin To Net: NetName=NetX1_A20 Pin=X1-A20
Added Pin To Net: NetName=NetX1_A20 Pin=X2-A20
Added Net: Name=NetX1_A20
Added Pin To Net: NetName=NetX1_A21 Pin=X1-A21
Added Pin To Net: NetName=NetX1_A21 Pin=X2-A21
Added Net: Name=NetX1_A21
Added Pin To Net: NetName=NetX1_A22 Pin=X1-A22
Added Pin To Net: NetName=NetX1_A22 Pin=X2-A22
Added Net: Name=NetX1_A22
Added Pin To Net: NetName=NetX1_A23 Pin=X1-A23
Added Pin To Net: NetName=NetX1_A23 Pin=X2-A23
Added Net: Name=NetX1_A23
Added Pin To Net: NetName=NetX1_A24 Pin=X1-A24
Added Pin To Net: NetName=NetX1_A24 Pin=X2-A24
Added Net: Name=NetX1_A24
Added Pin To Net: NetName=NetX1_A25 Pin=X1-A25
Added Pin To Net: NetName=NetX1_A25 Pin=X2-A25
Added Net: Name=NetX1_A25
Added Pin To Net: NetName=NetX1_A26 Pin=X1-A26
Added Pin To Net: NetName=NetX1_A26 Pin=X2-A26
Added Net: Name=NetX1_A26
Added Pin To Net: NetName=NetX1_A27 Pin=X1-A27
Added Pin To Net: NetName=NetX1_A27 Pin=X2-A27
Added Net: Name=NetX1_A27
Added Pin To Net: NetName=NetX1_A28 Pin=X1-A28
Added Pin To Net: NetName=NetX1_A28 Pin=X2-A28
Added Net: Name=NetX1_A28
Added Pin To Net: NetName=NetX1_A29 Pin=X1-A29
Added Pin To Net: NetName=NetX1_A29 Pin=X2-A29
Added Net: Name=NetX1_A29
Added Pin To Net: NetName=NetX1_A30 Pin=X1-A30
Added Pin To Net: NetName=NetX1_A30 Pin=X2-A30
Added Net: Name=NetX1_A30
Added Pin To Net: NetName=NetX1_A31 Pin=X1-A31
Added Pin To Net: NetName=NetX1_A31 Pin=X2-A31
Added Net: Name=NetX1_A31
Added Pin To Net: NetName=NetX1_A32 Pin=X1-A32
Added Pin To Net: NetName=NetX1_A32 Pin=X2-A32
Added Net: Name=NetX1_A32
Added Pin To Net: NetName=NetX1_A33 Pin=X1-A33
Added Pin To Net: NetName=NetX1_A33 Pin=X2-A33
Added Net: Name=NetX1_A33
Added Pin To Net: NetName=NetX1_A34 Pin=X1-A34
Added Pin To Net: NetName=NetX1_A34 Pin=X2-A34
Added Net: Name=NetX1_A34
Added Class: Name=SSBreakout Board
Added Room: Name=SSBreakout Board
